\BOOKMARK [1][-]{section.1}{\376\377\000A\000n\000g\000e\000b\000o\000t\000:\000\040\000U\000m\000s\000e\000t\000z\000u\000n\000g\000\040\000E\000r\000w\000e\000i\000t\000e\000r\000t\000e\000\040\000S\000p\000e\000z\000i\000f\000i\000k\000a\000t\000i\000o\000n\000\040\000V\0000\0004}{}% 1
\BOOKMARK [2][-]{subsection.1.1}{\376\377\000A\000n\000f\000o\000r\000d\000e\000r\000u\000n\000g\000e\000n\000\040\000a\000u\000s\000\040\000d\000e\000r\000\040\000S\000p\000e\000z\000i\000f\000i\000k\000a\000t\000i\000o\000n}{section.1}% 2
\BOOKMARK [3][-]{subsubsection.1.1.1}{\376\377\000F\000u\000n\000k\000t\000i\000o\000n\000s\000b\000a\000u\000s\000t\000e\000i\000n\000\040\0000\000\040\000\050\000F\000B\0000\000\051\000\040\000-\000\040\000O\000f\000f\000l\000i\000n\000e}{subsection.1.1}% 3
\BOOKMARK [3][-]{subsubsection.1.1.2}{\376\377\000F\000u\000n\000k\000t\000i\000o\000n\000s\000b\000a\000u\000s\000t\000e\000i\000n\000\040\0001\000\040\000\050\000F\000B\0001\000\051\000\040\000-\000\040\000U\000I\000D\000\040\000A\000b\000f\000r\000a\000g\000e}{subsection.1.1}% 4
\BOOKMARK [3][-]{subsubsection.1.1.3}{\376\377\000F\000u\000n\000k\000t\000i\000o\000n\000s\000b\000a\000u\000s\000t\000e\000i\000n\000\040\0002\000\040\000\050\000F\000B\0002\000\051\000\040\000-\000\040\000M\000i\000f\000a\000r\000e\000\040\000C\000l\000a\000s\000s\000i\000c}{subsection.1.1}% 5
\BOOKMARK [3][-]{subsubsection.1.1.4}{\376\377\000F\000u\000n\000k\000t\000i\000o\000n\000s\000b\000a\000u\000s\000t\000e\000i\000n\000\040\0003\000\040\000\050\000F\000B\0003\000\051\000\040\000-\000\040\000T\000u\000n\000n\000e\000l\000\040\000M\000o\000d\000e}{subsection.1.1}% 6
\BOOKMARK [3][-]{subsubsection.1.1.5}{\376\377\000S\000y\000s\000t\000e\000m\000n\000e\000u\000s\000t\000a\000r\000t\000\040\000D\000e\000f\000a\000u\000l\000t\000s}{subsection.1.1}% 7
\BOOKMARK [3][-]{subsubsection.1.1.6}{\376\377\000U\000m\000f\000a\000n\000g}{subsection.1.1}% 8
\BOOKMARK [2][-]{subsection.1.2}{\376\377\000L\000e\000i\000s\000t\000u\000n\000g\000s\000u\000m\000f\000a\000n\000g}{section.1}% 9
\BOOKMARK [3][-]{subsubsection.1.2.1}{\376\377\0001\000.\000\040\000A\000n\000a\000l\000y\000s\000e\000\040\000u\000n\000d\000\040\000K\000l\000\344\000r\000u\000n\000g\000\040\000\050\000b\000e\000r\000e\000i\000t\000s\000\040\000e\000r\000f\000o\000l\000g\000t\000\051}{subsection.1.2}% 10
\BOOKMARK [3][-]{subsubsection.1.2.2}{\376\377\0002\000.\000\040\000F\000i\000r\000m\000w\000a\000r\000e\000-\000I\000m\000p\000l\000e\000m\000e\000n\000t\000i\000e\000r\000u\000n\000g}{subsection.1.2}% 11
\BOOKMARK [3][-]{subsubsection.1.2.3}{\376\377\0003\000.\000\040\000G\000U\000I\000\040\000T\000e\000s\000t\000\040\000T\000o\000o\000l\000\040\000E\000r\000w\000e\000i\000t\000e\000r\000u\000n\000g}{subsection.1.2}% 12
\BOOKMARK [3][-]{subsubsection.1.2.4}{\376\377\0004\000.\000\040\000D\000o\000k\000u\000m\000e\000n\000t\000a\000t\000i\000o\000n\000\040\000e\000r\000w\000e\000i\000t\000e\000r\000n}{subsection.1.2}% 13
\BOOKMARK [2][-]{subsection.1.3}{\376\377\000K\000o\000n\000d\000i\000t\000i\000o\000n\000e\000n\000\040\000f\000\374\000r\000\040\000A\000b\000s\000c\000h\000l\000u\000s\000s}{section.1}% 14
\BOOKMARK [3][-]{subsubsection.1.3.1}{\376\377\0001\000.\000\040\000T\000e\000s\000t\000p\000l\000a\000n\000\040\000v\000o\000r\000l\000e\000g\000e\000n\000\040\000u\000n\000d\000\040\000G\000U\000I\000\040\000T\000e\000s\000t\000\040\000T\000o\000o\000l\000\040\000v\000e\000r\000w\000e\000n\000d\000e\000n}{subsection.1.3}% 15
\BOOKMARK [3][-]{subsubsection.1.3.2}{\376\377\0002\000.\000\040\000N\000e\000u\000e\000\040\000I\000s\000s\000u\000e\000s\000\040\000a\000u\000s\000s\000c\000h\000l\000i\000e\000\337\000l\000i\000c\000h\000\040\000\374\000b\000e\000r\000\040\000G\000i\000t\000H\000u\000b}{subsection.1.3}% 16
\BOOKMARK [2][-]{subsection.1.4}{\376\377\000L\000i\000e\000f\000e\000r\000u\000m\000f\000a\000n\000g}{section.1}% 17
\BOOKMARK [2][-]{subsection.1.5}{\376\377\000Z\000e\000i\000t\000p\000l\000a\000n}{section.1}% 18
\BOOKMARK [2][-]{subsection.1.6}{\376\377\000G\000a\000r\000a\000n\000t\000i\000e}{section.1}% 19
\BOOKMARK [2][-]{subsection.1.7}{\376\377\000A\000n\000n\000a\000h\000m\000e\000\040\000u\000n\000d\000\040\000M\000i\000t\000w\000i\000r\000k\000u\000n\000g\000s\000p\000f\000l\000i\000c\000h\000t\000e\000n}{section.1}% 20
\BOOKMARK [2][-]{subsection.1.8}{\376\377\000P\000r\000e\000i\000s\000g\000e\000s\000t\000a\000l\000t\000u\000n\000g}{section.1}% 21
